make all --print-data-base --no-builtin-variables --no-builtin-rules --question
# GNU Make 4.3
# Built for x86_64-pc-linux-gnu
# Copyright (C) 1988-2020 Free Software Foundation, Inc.
# License GPLv3+: GNU GPL version 3 or later <http://gnu.org/licenses/gpl.html>
# This is free software: you are free to change and redistribute it.
# There is NO WARRANTY, to the extent permitted by law.

# Make data base, printed on Fri Jul 22 03:30:24 2022

# Variables

# environment
LC_ALL = C
# environment
VSCODE_CWD = /home/danny
# makefile (from 'Makefile', line 10)
LIBBPF_OBJ := /usr/lib/x86_64-linux-gnu/libbpf.a
# makefile (from 'Makefile', line 4)
TARGET_BPF := simple.bpf.o
# default
MAKE_COMMAND := make
# environment
VSCODE_HANDLES_SIGPIPE = true
# makefile (from 'Makefile', line 9)
LIBBPF_HEADERS := /usr/include/bpf
# environment
GOPATH = /home/danny/go
# automatic
@D = $(patsubst %/,%,$(dir $@))
# environment
VSCODE_HANDLES_UNCAUGHT_ERRORS = true
# default
.VARIABLES := 
# environment
PWD = /home/danny/SourceCode/libbpfgo-example
# automatic
%D = $(patsubst %/,%,$(dir $%))
# environment
XDG_DATA_DIRS = /usr/local/share:/usr/share:/var/lib/snapd/desktop
# automatic
^D = $(patsubst %/,%,$(dir $^))
# automatic
%F = $(notdir $%)
# environment
LANG = C
# default
.LOADED := 
# default
.INCLUDE_DIRS = /usr/local/include /usr/include /usr/include
# makefile
MAKEFLAGS = pqrR
# makefile
CURDIR := /home/danny/SourceCode/libbpfgo-example
# environment
APPLICATION_INSIGHTS_NO_DIAGNOSTIC_CHANNEL = 1
# environment
LESSOPEN = | /usr/bin/lesspipe %s
# automatic
*D = $(patsubst %/,%,$(dir $*))
# environment
MFLAGS = -pqrR
# default
.SHELLFLAGS := -c
# automatic
+D = $(patsubst %/,%,$(dir $+))
# makefile (from 'Makefile', line 1)
MAKEFILE_LIST := Makefile
# automatic
@F = $(notdir $@)
# environment
XDG_SESSION_TYPE = tty
# automatic
?D = $(patsubst %/,%,$(dir $?))
# makefile (from 'Makefile', line 6)
GO_SRC := *.go
# automatic
*F = $(notdir $*)
# environment
DBUS_SESSION_BUS_ADDRESS = unix:path=/run/user/1000/bus
# automatic
<D = $(patsubst %/,%,$(dir $<))
# environment
VSCODE_NLS_CONFIG = {"locale":"zh-tw","availableLanguages":{"*":"zh-tw"},"_languagePackId":"a0b772d00248b7f5c117cab9736199be.zh-tw","_translationsConfigFile":"/home/danny/.vscode-server/data/clp/a0b772d00248b7f5c117cab9736199be.zh-tw/tcf.json","_cacheRoot":"/home/danny/.vscode-server/data/clp/a0b772d00248b7f5c117cab9736199be.zh-tw","_resolvedLanguagePackCoreLocation":"/home/danny/.vscode-server/data/clp/a0b772d00248b7f5c117cab9736199be.zh-tw/3b889b090b5ad5793f524b5d1d39fda662b96a2a","_corruptedFile":"/home/danny/.vscode-server/data/clp/a0b772d00248b7f5c117cab9736199be.zh-tw/corrupted.info","_languagePackSupport":true}
# default
MAKE_HOST := x86_64-pc-linux-gnu
# makefile
SHELL = /bin/sh
# default
MAKECMDGOALS := all
# environment
SHLVL = 0
# environment
MAKELEVEL := 0
# default
MAKE = $(MAKE_COMMAND)
# environment
PATH = /home/danny/.vscode-server/bin/3b889b090b5ad5793f524b5d1d39fda662b96a2a/bin/remote-cli:/home/danny/.local/bin:/usr/local/sbin:/usr/local/bin:/usr/sbin:/usr/bin:/sbin:/bin:/usr/games:/usr/local/games:/snap/bin:/usr/local/bin:/usr/local/go/bin:/home/danny/go/bin
# default
MAKEFILES := 
# environment
MOTD_SHOWN = pam
# automatic
^F = $(notdir $^)
# environment
SSH_CLIENT = 192.168.56.1 59546 22
# environment
LESSCLOSE = /usr/bin/lesspipe %s %s
# automatic
?F = $(notdir $?)
# environment
LS_COLORS = 
# automatic
+F = $(notdir $+)
# 'override' directive
GNUMAKEFLAGS := 
# environment
BROWSER = /home/danny/.vscode-server/bin/3b889b090b5ad5793f524b5d1d39fda662b96a2a/bin/helpers/browser.sh
# environment
LOGNAME = danny
# makefile
.DEFAULT_GOAL := all
# makefile (from 'Makefile', line 1)
ARCH = $(shell uname -m)
# environment
USER = danny
# default
MAKE_VERSION := 4.3
# 'override' directive
.SHELLSTATUS := 0
# environment
VSCODE_AGENT_FOLDER = /home/danny/.vscode-server
# environment
_ = /home/danny/.vscode-server/bin/3b889b090b5ad5793f524b5d1d39fda662b96a2a/node
# environment
XDG_RUNTIME_DIR = /run/user/1000
# environment
VSCODE_IPC_HOOK_CLI = /run/user/1000/vscode-ipc-132a49da-b2a8-462f-9e07-264b5e5dfc68.sock
# environment
GOMODCACHE = /home/danny/go/pkg/mod
# environment
XDG_SESSION_CLASS = user
# environment
VSCODE_AMD_ENTRYPOINT = vs/workbench/api/node/extensionHostProcess
# makefile (from 'Makefile', line 7)
BPF_SRC := *.bpf.c
# environment
HOME = /home/danny
# environment
ELECTRON_RUN_AS_NODE = 1
# environment
XDG_SESSION_ID = 4
# environment
GOPROXY = https://proxy.golang.org,direct
# default
.RECIPEPREFIX := 
# automatic
<F = $(notdir $<)
# default
SUFFIXES := 
# makefile (from 'Makefile', line 3)
TARGET := simple
# makefile (from 'Makefile', line 19)
go_env := CC=clang CGO_CFLAGS="-I /usr/include/bpf" CGO_LDFLAGS="/usr/lib/x86_64-linux-gnu/libbpf.a"
# default
.FEATURES := target-specific order-only second-expansion else-if shortest-stem undefine oneshell nocomment grouped-target extra-prereqs archives jobserver output-sync check-symlink load
# environment
SSH_CONNECTION = 192.168.56.1 59546 192.168.56.101 22
# variable set hash-table stats:
# Load=78/1024=8%, Rehash=0, Collisions=3/124=2%

# Pattern-specific Variable Values

# No pattern-specific variable values.

# Directories

# . (device 64768, inode 2758125): 15 files, no impossibilities.

# 15 files, no impossibilities in 1 directories.

# Implicit Rules

# No implicit rules.

# Files

simple: const-arm.go const-x64.go main.go
#  Implicit rule search has not been done.
#  Modification time never checked.
#  File has not been updated.
#  recipe to execute (from 'Makefile', line 21):
	$(go_env) go build -o $(TARGET) 

# Not a target:
main.go:
#  Implicit rule search has not been done.
#  Modification time never checked.
#  File has not been updated.

# Not a target:
Makefile:
#  Implicit rule search has been done.
#  Last modified 2022-07-22 03:25:05.827885296
#  File has been updated.
#  Successfully updated.

# Not a target:
const-arm.go:
#  Implicit rule search has not been done.
#  Modification time never checked.
#  File has not been updated.

# Not a target:
const-x64.go:
#  Implicit rule search has not been done.
#  Modification time never checked.
#  File has not been updated.

clean:
#  Implicit rule search has not been done.
#  Modification time never checked.
#  File has not been updated.
#  recipe to execute (from 'Makefile', line 33):
	-rm *.o $(TARGET) vmlinux.h

# Not a target:
simple.bpf.c:
#  Implicit rule search has not been done.
#  Modification time never checked.
#  File has not been updated.

simple.bpf.o: simple.bpf.c
#  Implicit rule search has not been done.
#  Modification time never checked.
#  File has not been updated.
#  recipe to execute (from 'Makefile', line 26):
	clang \
		-I /usr/include/$(ARCH)-linux-gnu \
		-g -O2 -c -target bpf \
		-Dbpf_target_x86 \
		-o $@ $<

# Not a target:
.DEFAULT:
#  Implicit rule search has not been done.
#  Modification time never checked.
#  File has not been updated.

all: vmlinux.h simple simple.bpf.o
#  Phony target (prerequisite of .PHONY).
#  Command line target.
#  Implicit rule search has not been done.
#  File does not exist.
#  File has been updated.
#  Needs to be updated (-q is set).
# variable set hash-table stats:
# Load=0/32=0%, Rehash=0, Collisions=0/3=0%

vmlinux.h:
#  Implicit rule search has not been done.
#  Implicit/static pattern stem: ''
#  File does not exist.
#  File has been updated.
#  Needs to be updated (-q is set).
# automatic
# @ := vmlinux.h
# automatic
# * := 
# automatic
# < := 
# automatic
# + := 
# automatic
# % := 
# automatic
# ^ := 
# automatic
# ? := 
# automatic
# | := 
# variable set hash-table stats:
 
# Load=8/32=25%, Rehash=0, Collisions=1/11=9%
#  recipe to execute (from 'Makefile', line 17):
	bpftool btf dump file /sys/kernel/btf/vmlinux format c > vmlinux.h

# Not a target:
.SUFFIXES:
#  Implicit rule search has not been done.
#  Modification time never checked.
#  File has not been updated.

.PHONY: all
#  Implicit rule search has not been done.
#  Modification time never checked.
#  File has not been updated.

# files hash-table stats:
# Load=13/1024=1%, Rehash=0, Collisions=0/36=0%
# VPATH Search Paths

# No 'vpath' search paths.

# No general ('VPATH' variable) search path.

# strcache buffers: 1 (0) / strings = 25 / storage = 227 B / avg = 9 B
# current buf: size = 8162 B / used = 227 B / count = 25 / avg = 9 B

# strcache performance: lookups = 45 / hit rate = 44%
# hash-table stats:
# Load=25/8192=0%, Rehash=0, Collisions=0/45=0%
# Finished Make data base on Fri Jul 22 03:30:24 2022

 
